This file contains any messages produced by compilers while
running configure, to aid debugging if configure makes a mistake.

It was created by presage configure 0.9.2~beta, which was
generated by GNU Autoconf 2.69.  Invocation command line was

  $ ./configure --no-create --no-recursion

## --------- ##
## Platform. ##
## --------- ##

hostname = ml-nuc
uname -m = x86_64
uname -r = 5.0.0-32-generic
uname -s = Linux
uname -v = #34-Ubuntu SMP Wed Oct 2 02:06:48 UTC 2019

/usr/bin/uname -p = unknown
/bin/uname -X     = unknown

/bin/arch              = unknown
/usr/bin/arch -k       = unknown
/usr/convex/getsysinfo = unknown
/usr/bin/hostinfo      = unknown
/bin/machine           = unknown
/usr/bin/oslevel       = unknown
/bin/universe          = unknown

PATH: /home/abusaadp/bin
PATH: /usr/local/sbin
PATH: /usr/local/bin
PATH: /usr/sbin
PATH: /usr/bin
PATH: /sbin
PATH: /bin
PATH: /usr/games
PATH: /usr/local/games
PATH: /snap/bin
PATH: /home/abusaadp/gitProjects/flutter/bin


## ----------- ##
## Core tests. ##
## ----------- ##

configure:2467: checking for a BSD-compatible install
configure:2535: result: /usr/bin/install -c
configure:2546: checking whether build environment is sane
configure:2601: result: yes
configure:2750: checking for a thread-safe mkdir -p
configure:2789: result: /bin/mkdir -p
configure:2796: checking for gawk
configure:2812: found /usr/bin/gawk
configure:2823: result: gawk
configure:2834: checking whether make sets $(MAKE)
configure:2856: result: yes
configure:2885: checking whether make supports nested variables
configure:2902: result: yes
configure:2991: checking whether UID '1001' is supported by ustar format
configure:2994: result: yes
configure:3001: checking whether GID '1001' is supported by ustar format
configure:3004: result: yes
configure:3012: checking how to create a ustar tar archive
configure:3023: tar --version
tar (GNU tar) 1.30
Copyright (C) 2017 Free Software Foundation, Inc.
License GPLv3+: GNU GPL version 3 or later <https://gnu.org/licenses/gpl.html>.
This is free software: you are free to change and redistribute it.
There is NO WARRANTY, to the extent permitted by law.

Written by John Gilmore and Jay Fenlason.
configure:3026: $? = 0
configure:3066: tardir=conftest.dir && eval tar --format=ustar -chf - "$tardir" >conftest.tar
configure:3069: $? = 0
configure:3073: tar -xf - <conftest.tar
configure:3076: $? = 0
configure:3078: cat conftest.dir/file
GrepMe
configure:3081: $? = 0
configure:3094: result: gnutar
configure:3208: checking for g++
configure:3224: found /usr/bin/g++
configure:3235: result: g++
configure:3262: checking for C++ compiler version
configure:3271: g++ --version >&5
g++ (Ubuntu 8.3.0-6ubuntu1) 8.3.0
Copyright (C) 2018 Free Software Foundation, Inc.
This is free software; see the source for copying conditions.  There is NO
warranty; not even for MERCHANTABILITY or FITNESS FOR A PARTICULAR PURPOSE.

configure:3282: $? = 0
configure:3271: g++ -v >&5
Using built-in specs.
COLLECT_GCC=g++
COLLECT_LTO_WRAPPER=/usr/lib/gcc/x86_64-linux-gnu/8/lto-wrapper
OFFLOAD_TARGET_NAMES=nvptx-none
OFFLOAD_TARGET_DEFAULT=1
Target: x86_64-linux-gnu
Configured with: ../src/configure -v --with-pkgversion='Ubuntu 8.3.0-6ubuntu1' --with-bugurl=file:///usr/share/doc/gcc-8/README.Bugs --enable-languages=c,ada,c++,go,brig,d,fortran,objc,obj-c++ --prefix=/usr --with-gcc-major-version-only --program-suffix=-8 --program-prefix=x86_64-linux-gnu- --enable-shared --enable-linker-build-id --libexecdir=/usr/lib --without-included-gettext --enable-threads=posix --libdir=/usr/lib --enable-nls --enable-bootstrap --enable-clocale=gnu --enable-libstdcxx-debug --enable-libstdcxx-time=yes --with-default-libstdcxx-abi=new --enable-gnu-unique-object --disable-vtable-verify --enable-libmpx --enable-plugin --enable-default-pie --with-system-zlib --with-target-system-zlib --enable-objc-gc=auto --enable-multiarch --disable-werror --with-arch-32=i686 --with-abi=m64 --with-multilib-list=m32,m64,mx32 --enable-multilib --with-tune=generic --enable-offload-targets=nvptx-none --without-cuda-driver --enable-checking=release --build=x86_64-linux-gnu --host=x86_64-linux-gnu --target=x86_64-linux-gnu
Thread model: posix
gcc version 8.3.0 (Ubuntu 8.3.0-6ubuntu1) 
configure:3282: $? = 0
configure:3271: g++ -V >&5
g++: error: unrecognized command line option '-V'
g++: fatal error: no input files
compilation terminated.
configure:3282: $? = 1
configure:3271: g++ -qversion >&5
g++: error: unrecognized command line option '-qversion'; did you mean '--version'?
g++: fatal error: no input files
compilation terminated.
configure:3282: $? = 1
configure:3302: checking whether the C++ compiler works
configure:3324: g++    conftest.cpp  >&5
configure:3328: $? = 0
configure:3376: result: yes
configure:3379: checking for C++ compiler default output file name
configure:3381: result: a.out
configure:3387: checking for suffix of executables
configure:3394: g++ -o conftest    conftest.cpp  >&5
configure:3398: $? = 0
configure:3420: result: 
configure:3442: checking whether we are cross compiling
configure:3450: g++ -o conftest    conftest.cpp  >&5
configure:3454: $? = 0
configure:3461: ./conftest
configure:3465: $? = 0
configure:3453: result: no
configure:3458: checking for suffix of object files
configure:3480: g++ -c   conftest.cpp >&5
configure:3484: $? = 0
configure:3505: result: o
configure:3509: checking whether we are using the GNU C++ compiler
configure:3528: g++ -c   conftest.cpp >&5
configure:3528: $? = 0
configure:3537: result: yes
configure:3546: checking whether g++ accepts -g
configure:3566: g++ -c -g  conftest.cpp >&5
configure:3566: $? = 0
configure:3607: result: yes
configure:3633: checking whether make supports the include directive
configure:3648: make -f confmf.GNU && cat confinc.out
make[1]: Entering directory '/home/abusaadp/gitProjects/Presage-for-Android/presageEngine'
make[1]: Leaving directory '/home/abusaadp/gitProjects/Presage-for-Android/presageEngine'
this is the am__doit target
configure:3651: $? = 0
configure:3670: result: yes (GNU style)
configure:3695: checking dependency style of g++
configure:3806: result: gcc3
configure:3869: checking for gcc
configure:3885: found /usr/bin/gcc
configure:3896: result: gcc
configure:4125: checking for C compiler version
configure:4134: gcc --version >&5
gcc (Ubuntu 8.3.0-6ubuntu1) 8.3.0
Copyright (C) 2018 Free Software Foundation, Inc.
This is free software; see the source for copying conditions.  There is NO
warranty; not even for MERCHANTABILITY or FITNESS FOR A PARTICULAR PURPOSE.

configure:4145: $? = 0
configure:4134: gcc -v >&5
Using built-in specs.
COLLECT_GCC=gcc
COLLECT_LTO_WRAPPER=/usr/lib/gcc/x86_64-linux-gnu/8/lto-wrapper
OFFLOAD_TARGET_NAMES=nvptx-none
OFFLOAD_TARGET_DEFAULT=1
Target: x86_64-linux-gnu
Configured with: ../src/configure -v --with-pkgversion='Ubuntu 8.3.0-6ubuntu1' --with-bugurl=file:///usr/share/doc/gcc-8/README.Bugs --enable-languages=c,ada,c++,go,brig,d,fortran,objc,obj-c++ --prefix=/usr --with-gcc-major-version-only --program-suffix=-8 --program-prefix=x86_64-linux-gnu- --enable-shared --enable-linker-build-id --libexecdir=/usr/lib --without-included-gettext --enable-threads=posix --libdir=/usr/lib --enable-nls --enable-bootstrap --enable-clocale=gnu --enable-libstdcxx-debug --enable-libstdcxx-time=yes --with-default-libstdcxx-abi=new --enable-gnu-unique-object --disable-vtable-verify --enable-libmpx --enable-plugin --enable-default-pie --with-system-zlib --with-target-system-zlib --enable-objc-gc=auto --enable-multiarch --disable-werror --with-arch-32=i686 --with-abi=m64 --with-multilib-list=m32,m64,mx32 --enable-multilib --with-tune=generic --enable-offload-targets=nvptx-none --without-cuda-driver --enable-checking=release --build=x86_64-linux-gnu --host=x86_64-linux-gnu --target=x86_64-linux-gnu
Thread model: posix
gcc version 8.3.0 (Ubuntu 8.3.0-6ubuntu1) 
configure:4145: $? = 0
configure:4134: gcc -V >&5
gcc: error: unrecognized command line option '-V'
gcc: fatal error: no input files
compilation terminated.
configure:4145: $? = 1
configure:4134: gcc -qversion >&5
gcc: error: unrecognized command line option '-qversion'; did you mean '--version'?
gcc: fatal error: no input files
compilation terminated.
configure:4145: $? = 1
configure:4149: checking whether we are using the GNU C compiler
configure:4168: gcc -c   conftest.c >&5
configure:4168: $? = 0
configure:4177: result: yes
configure:4186: checking whether gcc accepts -g
configure:4206: gcc -c -g  conftest.c >&5
configure:4206: $? = 0
configure:4247: result: yes
configure:4264: checking for gcc option to accept ISO C89
configure:4327: gcc  -c -g -O2  conftest.c >&5
configure:4327: $? = 0
configure:4340: result: none needed
configure:4365: checking whether gcc understands -c and -o together
configure:4387: gcc -c conftest.c -o conftest2.o
configure:4390: $? = 0
configure:4387: gcc -c conftest.c -o conftest2.o
configure:4390: $? = 0
configure:4402: result: yes
configure:4421: checking dependency style of gcc
configure:4532: result: gcc3
configure:4597: checking for ar
configure:4613: found /usr/bin/ar
configure:4624: result: ar
configure:4650: checking the archiver (ar) interface
configure:4666: gcc -c -g -O2  conftest.c >&5
configure:4666: $? = 0
configure:4668: ar cru libconftest.a conftest.o >&5
ar: `u' modifier ignored since `D' is the default (see `U')
configure:4671: $? = 0
configure:4670: result: ar
configure:4723: checking build system type
configure:4737: result: x86_64-pc-linux-gnu
configure:4757: checking host system type
configure:4770: result: x86_64-pc-linux-gnu
configure:4811: checking how to print strings
configure:4838: result: printf
configure:4859: checking for a sed that does not truncate output
configure:4923: result: /bin/sed
configure:4941: checking for grep that handles long lines and -e
configure:4999: result: /bin/grep
configure:5004: checking for egrep
configure:5066: result: /bin/grep -E
configure:5071: checking for fgrep
configure:5133: result: /bin/grep -F
configure:5168: checking for ld used by gcc
configure:5235: result: /usr/bin/ld
configure:5242: checking if the linker (/usr/bin/ld) is GNU ld
configure:5257: result: yes
configure:5269: checking for BSD- or MS-compatible name lister (nm)
configure:5323: result: /usr/bin/nm -B
configure:5453: checking the name lister (/usr/bin/nm -B) interface
configure:5460: gcc -c -g -O2  conftest.c >&5
configure:5463: /usr/bin/nm -B "conftest.o"
configure:5466: output
0000000000000000 B some_variable
configure:5467: result: BSD nm
configure:5470: checking whether ln -s works
configure:5474: result: yes
configure:5482: checking the maximum length of command line arguments
configure:5613: result: 1572864
configure:5661: checking how to convert x86_64-pc-linux-gnu file names to x86_64-pc-linux-gnu format
configure:5701: result: func_convert_file_noop
configure:5708: checking how to convert x86_64-pc-linux-gnu file names to toolchain format
configure:5728: result: func_convert_file_noop
configure:5735: checking for /usr/bin/ld option to reload object files
configure:5742: result: -r
configure:5816: checking for objdump
configure:5832: found /usr/bin/objdump
configure:5843: result: objdump
configure:5872: checking how to recognize dependent libraries
configure:6072: result: pass_all
configure:6157: checking for dlltool
configure:6187: result: no
configure:6214: checking how to associate runtime and link libraries
configure:6241: result: printf %s\n
configure:6365: checking for archiver @FILE support
configure:6382: gcc -c -g -O2  conftest.c >&5
configure:6382: $? = 0
configure:6385: ar cru libconftest.a @conftest.lst >&5
ar: `u' modifier ignored since `D' is the default (see `U')
configure:6388: $? = 0
configure:6393: ar cru libconftest.a @conftest.lst >&5
ar: `u' modifier ignored since `D' is the default (see `U')
ar: conftest.o: No such file or directory
configure:6396: $? = 1
configure:6395: result: @
configure:6453: checking for strip
configure:6469: found /usr/bin/strip
configure:6480: result: strip
configure:6552: checking for ranlib
configure:6568: found /usr/bin/ranlib
configure:6579: result: ranlib
configure:6681: checking command to parse /usr/bin/nm -B output from gcc object
configure:6834: gcc -c -g -O2  conftest.c >&5
configure:6837: $? = 0
configure:6841: /usr/bin/nm -B conftest.o \| sed -n -e 's/^.*[ ]\([ABCDGIRSTW][ABCDGIRSTW]*\)[ ][ ]*\([_A-Za-z][_A-Za-z0-9]*\)$/\1 \2 \2/p' | sed '/ __gnu_lto/d' \> conftest.nm
configure:6844: $? = 0
configure:6910: gcc -o conftest -g -O2   conftest.c conftstm.o >&5
configure:6913: $? = 0
configure:6951: result: ok
configure:6998: checking for sysroot
configure:7028: result: no
configure:7035: checking for a working dd
configure:7073: result: /bin/dd
configure:7077: checking how to truncate binary pipes
configure:7092: result: /bin/dd bs=4096 count=1
configure:7228: gcc -c -g -O2  conftest.c >&5
configure:7231: $? = 0
configure:7421: checking for mt
configure:7437: found /bin/mt
configure:7448: result: mt
configure:7471: checking if mt is a manifest tool
configure:7477: mt '-?'
configure:7485: result: no
configure:8162: checking how to run the C preprocessor
configure:8193: gcc -E  conftest.c
configure:8193: $? = 0
configure:8207: gcc -E  conftest.c
conftest.c:11:10: fatal error: ac_nonexistent.h: No such file or directory
 #include <ac_nonexistent.h>
          ^~~~~~~~~~~~~~~~~~
compilation terminated.
configure:8207: $? = 1
configure: failed program was:
| /* confdefs.h */
| #define PACKAGE_NAME "presage"
| #define PACKAGE_TARNAME "presage"
| #define PACKAGE_VERSION "0.9.2~beta"
| #define PACKAGE_STRING "presage 0.9.2~beta"
| #define PACKAGE_BUGREPORT "abusaadp@avaz.in"
| #define PACKAGE_URL ""
| #define PACKAGE "presage"
| #define VERSION "0.9.2~beta"
| /* end confdefs.h.  */
| #include <ac_nonexistent.h>
configure:8232: result: gcc -E
configure:8252: gcc -E  conftest.c
configure:8252: $? = 0
configure:8266: gcc -E  conftest.c
conftest.c:11:10: fatal error: ac_nonexistent.h: No such file or directory
 #include <ac_nonexistent.h>
          ^~~~~~~~~~~~~~~~~~
compilation terminated.
configure:8266: $? = 1
configure: failed program was:
| /* confdefs.h */
| #define PACKAGE_NAME "presage"
| #define PACKAGE_TARNAME "presage"
| #define PACKAGE_VERSION "0.9.2~beta"
| #define PACKAGE_STRING "presage 0.9.2~beta"
| #define PACKAGE_BUGREPORT "abusaadp@avaz.in"
| #define PACKAGE_URL ""
| #define PACKAGE "presage"
| #define VERSION "0.9.2~beta"
| /* end confdefs.h.  */
| #include <ac_nonexistent.h>
configure:8295: checking for ANSI C header files
configure:8315: gcc -c -g -O2  conftest.c >&5
configure:8315: $? = 0
configure:8388: gcc -o conftest -g -O2   conftest.c  >&5
configure:8388: $? = 0
configure:8388: ./conftest
configure:8388: $? = 0
configure:8399: result: yes
configure:8412: checking for sys/types.h
configure:8412: gcc -c -g -O2  conftest.c >&5
configure:8412: $? = 0
configure:8412: result: yes
configure:8412: checking for sys/stat.h
configure:8412: gcc -c -g -O2  conftest.c >&5
configure:8412: $? = 0
configure:8412: result: yes
configure:8412: checking for stdlib.h
configure:8412: gcc -c -g -O2  conftest.c >&5
configure:8412: $? = 0
configure:8412: result: yes
configure:8412: checking for string.h
configure:8412: gcc -c -g -O2  conftest.c >&5
configure:8412: $? = 0
configure:8412: result: yes
configure:8412: checking for memory.h
configure:8412: gcc -c -g -O2  conftest.c >&5
configure:8412: $? = 0
configure:8412: result: yes
configure:8412: checking for strings.h
configure:8412: gcc -c -g -O2  conftest.c >&5
configure:8412: $? = 0
configure:8412: result: yes
configure:8412: checking for inttypes.h
configure:8412: gcc -c -g -O2  conftest.c >&5
configure:8412: $? = 0
configure:8412: result: yes
configure:8412: checking for stdint.h
configure:8412: gcc -c -g -O2  conftest.c >&5
configure:8412: $? = 0
configure:8412: result: yes
configure:8412: checking for unistd.h
configure:8412: gcc -c -g -O2  conftest.c >&5
configure:8412: $? = 0
configure:8412: result: yes
configure:8426: checking for dlfcn.h
configure:8426: gcc -c -g -O2  conftest.c >&5
configure:8426: $? = 0
configure:8426: result: yes
configure:8991: checking for objdir
configure:9006: result: .libs
configure:9270: checking if gcc supports -fno-rtti -fno-exceptions
configure:9288: gcc -c -g -O2  -fno-rtti -fno-exceptions conftest.c >&5
cc1: warning: command line option '-fno-rtti' is valid for C++/ObjC++ but not for C
configure:9292: $? = 0
configure:9305: result: no
configure:9663: checking for gcc option to produce PIC
configure:9670: result: -fPIC -DPIC
configure:9678: checking if gcc PIC flag -fPIC -DPIC works
configure:9696: gcc -c -g -O2  -fPIC -DPIC -DPIC conftest.c >&5
configure:9700: $? = 0
configure:9713: result: yes
configure:9742: checking if gcc static flag -static works
configure:9770: result: yes
configure:9785: checking if gcc supports -c -o file.o
configure:9806: gcc -c -g -O2  -o out/conftest2.o conftest.c >&5
configure:9810: $? = 0
configure:9832: result: yes
configure:9840: checking if gcc supports -c -o file.o
configure:9887: result: yes
configure:9920: checking whether the gcc linker (/usr/bin/ld -m elf_x86_64) supports shared libraries
configure:11179: result: yes
configure:11216: checking whether -lc should be explicitly linked in
configure:11224: gcc -c -g -O2  conftest.c >&5
configure:11227: $? = 0
configure:11242: gcc -shared  -fPIC -DPIC conftest.o  -v -Wl,-soname -Wl,conftest -o conftest 2\>\&1 \| /bin/grep  -lc  \>/dev/null 2\>\&1
configure:11245: $? = 0
configure:11259: result: no
configure:11419: checking dynamic linker characteristics
configure:12000: gcc -o conftest -g -O2   -Wl,-rpath -Wl,/foo conftest.c  >&5
configure:12000: $? = 0
configure:12237: result: GNU/Linux ld.so
configure:12359: checking how to hardcode library paths into programs
configure:12384: result: immediate
configure:12932: checking whether stripping libraries is possible
configure:12937: result: yes
configure:12972: checking if libtool supports shared libraries
configure:12974: result: yes
configure:12977: checking whether to build shared libraries
configure:13002: result: yes
configure:13005: checking whether to build static libraries
configure:13009: result: yes
configure:9824: checking how to run the C++ preprocessor
configure:9851: g++ -E  conftest.cpp
configure:9851: $? = 0
configure:9865: g++ -E  conftest.cpp
conftest.cpp:23:10: fatal error: ac_nonexistent.h: No such file or directory
 #include <ac_nonexistent.h>
          ^~~~~~~~~~~~~~~~~~
compilation terminated.
configure:9865: $? = 1
configure: failed program was:
| /* confdefs.h */
| #define PACKAGE_NAME "presage"
| #define PACKAGE_TARNAME "presage"
| #define PACKAGE_VERSION "0.9.2~beta"
| #define PACKAGE_STRING "presage 0.9.2~beta"
| #define PACKAGE_BUGREPORT "abusaadp@avaz.in"
| #define PACKAGE_URL ""
| #define PACKAGE "presage"
| #define VERSION "0.9.2~beta"
| #define STDC_HEADERS 1
| #define HAVE_SYS_TYPES_H 1
| #define HAVE_SYS_STAT_H 1
| #define HAVE_STDLIB_H 1
| #define HAVE_STRING_H 1
| #define HAVE_MEMORY_H 1
| #define HAVE_STRINGS_H 1
| #define HAVE_INTTYPES_H 1
| #define HAVE_STDINT_H 1
| #define HAVE_UNISTD_H 1
| #define HAVE_DLFCN_H 1
| #define LT_OBJDIR ".libs/"
| /* end confdefs.h.  */
| #include <ac_nonexistent.h>
configure:9890: result: g++ -E
configure:9910: g++ -E  conftest.cpp
configure:9910: $? = 0
configure:9924: g++ -E  conftest.cpp
conftest.cpp:23:10: fatal error: ac_nonexistent.h: No such file or directory
 #include <ac_nonexistent.h>
          ^~~~~~~~~~~~~~~~~~
compilation terminated.
configure:9924: $? = 1
configure: failed program was:
| /* confdefs.h */
| #define PACKAGE_NAME "presage"
| #define PACKAGE_TARNAME "presage"
| #define PACKAGE_VERSION "0.9.2~beta"
| #define PACKAGE_STRING "presage 0.9.2~beta"
| #define PACKAGE_BUGREPORT "abusaadp@avaz.in"
| #define PACKAGE_URL ""
| #define PACKAGE "presage"
| #define VERSION "0.9.2~beta"
| #define STDC_HEADERS 1
| #define HAVE_SYS_TYPES_H 1
| #define HAVE_SYS_STAT_H 1
| #define HAVE_STDLIB_H 1
| #define HAVE_STRING_H 1
| #define HAVE_MEMORY_H 1
| #define HAVE_STRINGS_H 1
| #define HAVE_INTTYPES_H 1
| #define HAVE_STDINT_H 1
| #define HAVE_UNISTD_H 1
| #define HAVE_DLFCN_H 1
| #define LT_OBJDIR ".libs/"
| /* end confdefs.h.  */
| #include <ac_nonexistent.h>
configure:10086: checking for ld used by g++
configure:10153: result: /usr/bin/ld -m elf_x86_64
configure:10160: checking if the linker (/usr/bin/ld -m elf_x86_64) is GNU ld
configure:10175: result: yes
configure:10230: checking whether the g++ linker (/usr/bin/ld -m elf_x86_64) supports shared libraries
configure:11303: result: yes
configure:11339: g++ -c -g -O2  conftest.cpp >&5
configure:11342: $? = 0
configure:11823: checking for g++ option to produce PIC
configure:11830: result: -fPIC -DPIC
configure:11838: checking if g++ PIC flag -fPIC -DPIC works
configure:11856: g++ -c -g -O2  -fPIC -DPIC -DPIC conftest.cpp >&5
configure:11860: $? = 0
configure:11873: result: yes
configure:11896: checking if g++ static flag -static works
configure:11924: result: yes
configure:11936: checking if g++ supports -c -o file.o
configure:11957: g++ -c -g -O2  -o out/conftest2.o conftest.cpp >&5
configure:11961: $? = 0
configure:11983: result: yes
configure:11988: checking if g++ supports -c -o file.o
configure:12035: result: yes
configure:12065: checking whether the g++ linker (/usr/bin/ld -m elf_x86_64) supports shared libraries
configure:12105: result: yes
configure:12246: checking dynamic linker characteristics
configure:12991: result: GNU/Linux ld.so
configure:13056: checking how to hardcode library paths into programs
configure:13081: result: immediate
configure:11992: checking for main in -lcurses
configure:12011: gcc -o conftest -g -O2   conftest.c -lcurses   >&5
configure:12011: $? = 0
configure:12020: result: yes
configure:12032: checking for main in -lm
configure:12051: gcc -o conftest -g -O2   conftest.c -lm  -lcurses  >&5
configure:12051: $? = 0
configure:12060: result: yes
configure:12072: checking for main in -ltinyxml
configure:12091: gcc -o conftest -g -O2   conftest.c -ltinyxml  -lm -lcurses  >&5
/usr/bin/ld: cannot find -ltinyxml
collect2: error: ld returned 1 exit status
configure:12091: $? = 1
configure: failed program was:
| /* confdefs.h */
| #define PACKAGE_NAME "presage"
| #define PACKAGE_TARNAME "presage"
| #define PACKAGE_VERSION "0.9.2~beta"
| #define PACKAGE_STRING "presage 0.9.2~beta"
| #define PACKAGE_BUGREPORT "abusaadp@avaz.in"
| #define PACKAGE_URL ""
| #define PACKAGE "presage"
| #define VERSION "0.9.2~beta"
| #define STDC_HEADERS 1
| #define HAVE_SYS_TYPES_H 1
| #define HAVE_SYS_STAT_H 1
| #define HAVE_STDLIB_H 1
| #define HAVE_STRING_H 1
| #define HAVE_MEMORY_H 1
| #define HAVE_STRINGS_H 1
| #define HAVE_INTTYPES_H 1
| #define HAVE_STDINT_H 1
| #define HAVE_UNISTD_H 1
| #define HAVE_DLFCN_H 1
| #define LT_OBJDIR ".libs/"
| #define HAVE_LIBCURSES 1
| #define HAVE_LIBM 1
| /* end confdefs.h.  */
| 
| 
| int
| main ()
| {
| return main ();
|   ;
|   return 0;
| }
configure:12100: result: no
configure:12116: checking stddef.h usability
configure:12116: gcc -c -g -O2  conftest.c >&5
configure:12116: $? = 0
configure:12116: result: yes
configure:12116: checking stddef.h presence
configure:12116: gcc -E  conftest.c
configure:12116: $? = 0
configure:12116: result: yes
configure:12116: checking for stddef.h
configure:12116: result: yes
configure:12116: checking for stdlib.h
configure:12116: result: yes
configure:12116: checking for string.h
configure:12116: result: yes
configure:12116: checking for unistd.h
configure:12116: result: yes
configure:12132: checking for help2man
configure:12160: result: no
configure:12170: help2man not found. Man documentation pages will not be built.
configure:12203: checking for initscr in -lcurses
configure:12228: gcc -o conftest -g -O2   conftest.c -lcurses  -lm -lcurses  >&5
configure:12228: $? = 0
configure:12237: result: yes
configure:12248: checking curses.h usability
configure:12248: gcc -c -g -O2  conftest.c >&5
configure:12248: $? = 0
configure:12248: result: yes
configure:12248: checking curses.h presence
configure:12248: gcc -E  conftest.c
configure:12248: $? = 0
configure:12248: result: yes
configure:12248: checking for curses.h
configure:12248: result: yes
configure:12273: checking for main in -ltinyxml
configure:12301: result: no
configure:12306: WARNING: tinyxml library not found. Embedded tinyxml library will be built.
configure:12312: checking tinyxml.h usability
configure:12312: gcc -c -g -O2  conftest.c >&5
conftest.c:63:10: fatal error: tinyxml.h: No such file or directory
 #include <tinyxml.h>
          ^~~~~~~~~~~
compilation terminated.
configure:12312: $? = 1
configure: failed program was:
| /* confdefs.h */
| #define PACKAGE_NAME "presage"
| #define PACKAGE_TARNAME "presage"
| #define PACKAGE_VERSION "0.9.2~beta"
| #define PACKAGE_STRING "presage 0.9.2~beta"
| #define PACKAGE_BUGREPORT "abusaadp@avaz.in"
| #define PACKAGE_URL ""
| #define PACKAGE "presage"
| #define VERSION "0.9.2~beta"
| #define STDC_HEADERS 1
| #define HAVE_SYS_TYPES_H 1
| #define HAVE_SYS_STAT_H 1
| #define HAVE_STDLIB_H 1
| #define HAVE_STRING_H 1
| #define HAVE_MEMORY_H 1
| #define HAVE_STRINGS_H 1
| #define HAVE_INTTYPES_H 1
| #define HAVE_STDINT_H 1
| #define HAVE_UNISTD_H 1
| #define HAVE_DLFCN_H 1
| #define LT_OBJDIR ".libs/"
| #define HAVE_LIBCURSES 1
| #define HAVE_LIBM 1
| #define HAVE_STDDEF_H 1
| #define HAVE_STDLIB_H 1
| #define HAVE_STRING_H 1
| #define HAVE_UNISTD_H 1
| #define HAVE_CURSES_H 1
| /* end confdefs.h.  */
| #include <stdio.h>
| #ifdef HAVE_SYS_TYPES_H
| # include <sys/types.h>
| #endif
| #ifdef HAVE_SYS_STAT_H
| # include <sys/stat.h>
| #endif
| #ifdef STDC_HEADERS
| # include <stdlib.h>
| # include <stddef.h>
| #else
| # ifdef HAVE_STDLIB_H
| #  include <stdlib.h>
| # endif
| #endif
| #ifdef HAVE_STRING_H
| # if !defined STDC_HEADERS && defined HAVE_MEMORY_H
| #  include <memory.h>
| # endif
| # include <string.h>
| #endif
| #ifdef HAVE_STRINGS_H
| # include <strings.h>
| #endif
| #ifdef HAVE_INTTYPES_H
| # include <inttypes.h>
| #endif
| #ifdef HAVE_STDINT_H
| # include <stdint.h>
| #endif
| #ifdef HAVE_UNISTD_H
| # include <unistd.h>
| #endif
| #include <tinyxml.h>
configure:12312: result: no
configure:12312: checking tinyxml.h presence
configure:12312: gcc -E  conftest.c
conftest.c:30:10: fatal error: tinyxml.h: No such file or directory
 #include <tinyxml.h>
          ^~~~~~~~~~~
compilation terminated.
configure:12312: $? = 1
configure: failed program was:
| /* confdefs.h */
| #define PACKAGE_NAME "presage"
| #define PACKAGE_TARNAME "presage"
| #define PACKAGE_VERSION "0.9.2~beta"
| #define PACKAGE_STRING "presage 0.9.2~beta"
| #define PACKAGE_BUGREPORT "abusaadp@avaz.in"
| #define PACKAGE_URL ""
| #define PACKAGE "presage"
| #define VERSION "0.9.2~beta"
| #define STDC_HEADERS 1
| #define HAVE_SYS_TYPES_H 1
| #define HAVE_SYS_STAT_H 1
| #define HAVE_STDLIB_H 1
| #define HAVE_STRING_H 1
| #define HAVE_MEMORY_H 1
| #define HAVE_STRINGS_H 1
| #define HAVE_INTTYPES_H 1
| #define HAVE_STDINT_H 1
| #define HAVE_UNISTD_H 1
| #define HAVE_DLFCN_H 1
| #define LT_OBJDIR ".libs/"
| #define HAVE_LIBCURSES 1
| #define HAVE_LIBM 1
| #define HAVE_STDDEF_H 1
| #define HAVE_STDLIB_H 1
| #define HAVE_STRING_H 1
| #define HAVE_UNISTD_H 1
| #define HAVE_CURSES_H 1
| /* end confdefs.h.  */
| #include <tinyxml.h>
configure:12312: result: no
configure:12312: checking for tinyxml.h
configure:12312: result: no
configure:12319: WARNING: tinyxml library not found. Embedded tinyxml library will be built.
configure:12356: gcc -o conftest -g -O2   -Wl,--version-script,conftest.map conftest.c -lm -lcurses  >&5
/usr/bin/ld: cannot open linker script file conftest.map: No such file or directory
collect2: error: ld returned 1 exit status
configure:12356: $? = 1
configure: failed program was:
| /* confdefs.h */
| #define PACKAGE_NAME "presage"
| #define PACKAGE_TARNAME "presage"
| #define PACKAGE_VERSION "0.9.2~beta"
| #define PACKAGE_STRING "presage 0.9.2~beta"
| #define PACKAGE_BUGREPORT "abusaadp@avaz.in"
| #define PACKAGE_URL ""
| #define PACKAGE "presage"
| #define VERSION "0.9.2~beta"
| #define STDC_HEADERS 1
| #define HAVE_SYS_TYPES_H 1
| #define HAVE_SYS_STAT_H 1
| #define HAVE_STDLIB_H 1
| #define HAVE_STRING_H 1
| #define HAVE_MEMORY_H 1
| #define HAVE_STRINGS_H 1
| #define HAVE_INTTYPES_H 1
| #define HAVE_STDINT_H 1
| #define HAVE_UNISTD_H 1
| #define HAVE_DLFCN_H 1
| #define LT_OBJDIR ".libs/"
| #define HAVE_LIBCURSES 1
| #define HAVE_LIBM 1
| #define HAVE_STDDEF_H 1
| #define HAVE_STDLIB_H 1
| #define HAVE_STRING_H 1
| #define HAVE_UNISTD_H 1
| #define HAVE_CURSES_H 1
| /* end confdefs.h.  */
| const char hello_world[] = "Hello, World\n";
| int
| main ()
| {
| 
|   ;
|   return 0;
| }
configure:12371: result: no
configure:12373: WARNING: Linker does not support version scripts.
configure:12387: checking for stdbool.h that conforms to C99
configure:12454: gcc -c -g -O2  conftest.c >&5
configure:12454: $? = 0
configure:12461: result: yes
configure:12463: checking for _Bool
configure:12463: gcc -c -g -O2  conftest.c >&5
configure:12463: $? = 0
configure:12463: gcc -c -g -O2  conftest.c >&5
conftest.c: In function 'main':
conftest.c:66:20: error: expected expression before ')' token
 if (sizeof ((_Bool)))
                    ^
configure:12463: $? = 1
configure: failed program was:
| /* confdefs.h */
| #define PACKAGE_NAME "presage"
| #define PACKAGE_TARNAME "presage"
| #define PACKAGE_VERSION "0.9.2~beta"
| #define PACKAGE_STRING "presage 0.9.2~beta"
| #define PACKAGE_BUGREPORT "abusaadp@avaz.in"
| #define PACKAGE_URL ""
| #define PACKAGE "presage"
| #define VERSION "0.9.2~beta"
| #define STDC_HEADERS 1
| #define HAVE_SYS_TYPES_H 1
| #define HAVE_SYS_STAT_H 1
| #define HAVE_STDLIB_H 1
| #define HAVE_STRING_H 1
| #define HAVE_MEMORY_H 1
| #define HAVE_STRINGS_H 1
| #define HAVE_INTTYPES_H 1
| #define HAVE_STDINT_H 1
| #define HAVE_UNISTD_H 1
| #define HAVE_DLFCN_H 1
| #define LT_OBJDIR ".libs/"
| #define HAVE_LIBCURSES 1
| #define HAVE_LIBM 1
| #define HAVE_STDDEF_H 1
| #define HAVE_STDLIB_H 1
| #define HAVE_STRING_H 1
| #define HAVE_UNISTD_H 1
| #define HAVE_CURSES_H 1
| /* end confdefs.h.  */
| #include <stdio.h>
| #ifdef HAVE_SYS_TYPES_H
| # include <sys/types.h>
| #endif
| #ifdef HAVE_SYS_STAT_H
| # include <sys/stat.h>
| #endif
| #ifdef STDC_HEADERS
| # include <stdlib.h>
| # include <stddef.h>
| #else
| # ifdef HAVE_STDLIB_H
| #  include <stdlib.h>
| # endif
| #endif
| #ifdef HAVE_STRING_H
| # if !defined STDC_HEADERS && defined HAVE_MEMORY_H
| #  include <memory.h>
| # endif
| # include <string.h>
| #endif
| #ifdef HAVE_STRINGS_H
| # include <strings.h>
| #endif
| #ifdef HAVE_INTTYPES_H
| # include <inttypes.h>
| #endif
| #ifdef HAVE_STDINT_H
| # include <stdint.h>
| #endif
| #ifdef HAVE_UNISTD_H
| # include <unistd.h>
| #endif
| int
| main ()
| {
| if (sizeof ((_Bool)))
| 	    return 0;
|   ;
|   return 0;
| }
configure:12463: result: yes
configure:12474: checking for inline
configure:12490: gcc -c -g -O2  conftest.c >&5
configure:12490: $? = 0
configure:12498: result: inline
configure:12516: checking for size_t
configure:12516: gcc -c -g -O2  conftest.c >&5
configure:12516: $? = 0
configure:12516: gcc -c -g -O2  conftest.c >&5
conftest.c: In function 'main':
conftest.c:67:21: error: expected expression before ')' token
 if (sizeof ((size_t)))
                     ^
configure:12516: $? = 1
configure: failed program was:
| /* confdefs.h */
| #define PACKAGE_NAME "presage"
| #define PACKAGE_TARNAME "presage"
| #define PACKAGE_VERSION "0.9.2~beta"
| #define PACKAGE_STRING "presage 0.9.2~beta"
| #define PACKAGE_BUGREPORT "abusaadp@avaz.in"
| #define PACKAGE_URL ""
| #define PACKAGE "presage"
| #define VERSION "0.9.2~beta"
| #define STDC_HEADERS 1
| #define HAVE_SYS_TYPES_H 1
| #define HAVE_SYS_STAT_H 1
| #define HAVE_STDLIB_H 1
| #define HAVE_STRING_H 1
| #define HAVE_MEMORY_H 1
| #define HAVE_STRINGS_H 1
| #define HAVE_INTTYPES_H 1
| #define HAVE_STDINT_H 1
| #define HAVE_UNISTD_H 1
| #define HAVE_DLFCN_H 1
| #define LT_OBJDIR ".libs/"
| #define HAVE_LIBCURSES 1
| #define HAVE_LIBM 1
| #define HAVE_STDDEF_H 1
| #define HAVE_STDLIB_H 1
| #define HAVE_STRING_H 1
| #define HAVE_UNISTD_H 1
| #define HAVE_CURSES_H 1
| #define HAVE__BOOL 1
| /* end confdefs.h.  */
| #include <stdio.h>
| #ifdef HAVE_SYS_TYPES_H
| # include <sys/types.h>
| #endif
| #ifdef HAVE_SYS_STAT_H
| # include <sys/stat.h>
| #endif
| #ifdef STDC_HEADERS
| # include <stdlib.h>
| # include <stddef.h>
| #else
| # ifdef HAVE_STDLIB_H
| #  include <stdlib.h>
| # endif
| #endif
| #ifdef HAVE_STRING_H
| # if !defined STDC_HEADERS && defined HAVE_MEMORY_H
| #  include <memory.h>
| # endif
| # include <string.h>
| #endif
| #ifdef HAVE_STRINGS_H
| # include <strings.h>
| #endif
| #ifdef HAVE_INTTYPES_H
| # include <inttypes.h>
| #endif
| #ifdef HAVE_STDINT_H
| # include <stdint.h>
| #endif
| #ifdef HAVE_UNISTD_H
| # include <unistd.h>
| #endif
| int
| main ()
| {
| if (sizeof ((size_t)))
| 	    return 0;
|   ;
|   return 0;
| }
configure:12516: result: yes
configure:12527: checking for uid_t in sys/types.h
configure:12546: result: yes
configure:12557: checking for ptrdiff_t
configure:12557: gcc -c -g -O2  conftest.c >&5
configure:12557: $? = 0
configure:12557: gcc -c -g -O2  conftest.c >&5
conftest.c: In function 'main':
conftest.c:67:24: error: expected expression before ')' token
 if (sizeof ((ptrdiff_t)))
                        ^
configure:12557: $? = 1
configure: failed program was:
| /* confdefs.h */
| #define PACKAGE_NAME "presage"
| #define PACKAGE_TARNAME "presage"
| #define PACKAGE_VERSION "0.9.2~beta"
| #define PACKAGE_STRING "presage 0.9.2~beta"
| #define PACKAGE_BUGREPORT "abusaadp@avaz.in"
| #define PACKAGE_URL ""
| #define PACKAGE "presage"
| #define VERSION "0.9.2~beta"
| #define STDC_HEADERS 1
| #define HAVE_SYS_TYPES_H 1
| #define HAVE_SYS_STAT_H 1
| #define HAVE_STDLIB_H 1
| #define HAVE_STRING_H 1
| #define HAVE_MEMORY_H 1
| #define HAVE_STRINGS_H 1
| #define HAVE_INTTYPES_H 1
| #define HAVE_STDINT_H 1
| #define HAVE_UNISTD_H 1
| #define HAVE_DLFCN_H 1
| #define LT_OBJDIR ".libs/"
| #define HAVE_LIBCURSES 1
| #define HAVE_LIBM 1
| #define HAVE_STDDEF_H 1
| #define HAVE_STDLIB_H 1
| #define HAVE_STRING_H 1
| #define HAVE_UNISTD_H 1
| #define HAVE_CURSES_H 1
| #define HAVE__BOOL 1
| /* end confdefs.h.  */
| #include <stdio.h>
| #ifdef HAVE_SYS_TYPES_H
| # include <sys/types.h>
| #endif
| #ifdef HAVE_SYS_STAT_H
| # include <sys/stat.h>
| #endif
| #ifdef STDC_HEADERS
| # include <stdlib.h>
| # include <stddef.h>
| #else
| # ifdef HAVE_STDLIB_H
| #  include <stdlib.h>
| # endif
| #endif
| #ifdef HAVE_STRING_H
| # if !defined STDC_HEADERS && defined HAVE_MEMORY_H
| #  include <memory.h>
| # endif
| # include <string.h>
| #endif
| #ifdef HAVE_STRINGS_H
| # include <strings.h>
| #endif
| #ifdef HAVE_INTTYPES_H
| # include <inttypes.h>
| #endif
| #ifdef HAVE_STDINT_H
| # include <stdint.h>
| #endif
| #ifdef HAVE_UNISTD_H
| # include <unistd.h>
| #endif
| int
| main ()
| {
| if (sizeof ((ptrdiff_t)))
| 	    return 0;
|   ;
|   return 0;
| }
configure:12557: result: yes
configure:12571: checking for stdlib.h
configure:12571: result: yes
configure:12581: checking for GNU libc compatible malloc
configure:12605: gcc -o conftest -g -O2   conftest.c -lm -lcurses  >&5
configure:12605: $? = 0
configure:12605: ./conftest
configure:12605: $? = 0
configure:12615: result: yes
configure:12638: checking for stdlib.h
configure:12638: result: yes
configure:12648: checking for GNU libc compatible realloc
configure:12672: gcc -o conftest -g -O2   conftest.c -lm -lcurses  >&5
configure:12672: $? = 0
configure:12672: ./conftest
configure:12672: $? = 0
configure:12682: result: yes
configure:12706: checking for memmove
configure:12706: gcc -o conftest -g -O2   conftest.c -lm -lcurses  >&5
conftest.c:59:6: warning: conflicting types for built-in function 'memmove' [-Wbuiltin-declaration-mismatch]
 char memmove ();
      ^~~~~~~
configure:12706: $? = 0
configure:12706: result: yes
configure:12706: checking for memset
configure:12706: gcc -o conftest -g -O2   conftest.c -lm -lcurses  >&5
conftest.c:60:6: warning: conflicting types for built-in function 'memset' [-Wbuiltin-declaration-mismatch]
 char memset ();
      ^~~~~~
configure:12706: $? = 0
configure:12706: result: yes
configure:12706: checking for mkdir
configure:12706: gcc -o conftest -g -O2   conftest.c -lm -lcurses  >&5
configure:12706: $? = 0
configure:12706: result: yes
configure:12706: checking for select
configure:12706: gcc -o conftest -g -O2   conftest.c -lm -lcurses  >&5
configure:12706: $? = 0
configure:12706: result: yes
configure:12706: checking for strchr
configure:12706: gcc -o conftest -g -O2   conftest.c -lm -lcurses  >&5
conftest.c:63:6: warning: conflicting types for built-in function 'strchr' [-Wbuiltin-declaration-mismatch]
 char strchr ();
      ^~~~~~
configure:12706: $? = 0
configure:12706: result: yes
configure:12820: checking that generated files are newer than configure
configure:12826: result: done
configure:12873: creating ./config.status

## ---------------- ##
## Cache variables. ##
## ---------------- ##

ac_cv_build=x86_64-pc-linux-gnu
ac_cv_c_compiler_gnu=yes
ac_cv_c_inline=inline
ac_cv_cxx_compiler_gnu=yes
ac_cv_env_CCC_set=
ac_cv_env_CCC_value=
ac_cv_env_CC_set=
ac_cv_env_CC_value=
ac_cv_env_CFLAGS_set=
ac_cv_env_CFLAGS_value=
ac_cv_env_CPPFLAGS_set=
ac_cv_env_CPPFLAGS_value=
ac_cv_env_CPP_set=
ac_cv_env_CPP_value=
ac_cv_env_CXXCPP_set=
ac_cv_env_CXXCPP_value=
ac_cv_env_CXXFLAGS_set=
ac_cv_env_CXXFLAGS_value=
ac_cv_env_CXX_set=
ac_cv_env_CXX_value=
ac_cv_env_LDFLAGS_set=
ac_cv_env_LDFLAGS_value=
ac_cv_env_LIBS_set=
ac_cv_env_LIBS_value=
ac_cv_env_LT_SYS_LIBRARY_PATH_set=
ac_cv_env_LT_SYS_LIBRARY_PATH_value=
ac_cv_env_build_alias_set=
ac_cv_env_build_alias_value=
ac_cv_env_host_alias_set=
ac_cv_env_host_alias_value=
ac_cv_env_target_alias_set=
ac_cv_env_target_alias_value=
ac_cv_func_malloc_0_nonnull=yes
ac_cv_func_memmove=yes
ac_cv_func_memset=yes
ac_cv_func_mkdir=yes
ac_cv_func_realloc_0_nonnull=yes
ac_cv_func_select=yes
ac_cv_func_strchr=yes
ac_cv_header_curses_h=yes
ac_cv_header_dlfcn_h=yes
ac_cv_header_inttypes_h=yes
ac_cv_header_memory_h=yes
ac_cv_header_stdbool_h=yes
ac_cv_header_stdc=yes
ac_cv_header_stddef_h=yes
ac_cv_header_stdint_h=yes
ac_cv_header_stdlib_h=yes
ac_cv_header_string_h=yes
ac_cv_header_strings_h=yes
ac_cv_header_sys_stat_h=yes
ac_cv_header_sys_types_h=yes
ac_cv_header_tinyxml_h=no
ac_cv_header_unistd_h=yes
ac_cv_host=x86_64-pc-linux-gnu
ac_cv_lib_curses_initscr=yes
ac_cv_lib_curses_main=yes
ac_cv_lib_m_main=yes
ac_cv_lib_tinyxml_main=no
ac_cv_objext=o
ac_cv_path_EGREP='/bin/grep -E'
ac_cv_path_FGREP='/bin/grep -F'
ac_cv_path_GREP=/bin/grep
ac_cv_path_SED=/bin/sed
ac_cv_path_install='/usr/bin/install -c'
ac_cv_path_lt_DD=/bin/dd
ac_cv_path_mkdir=/bin/mkdir
ac_cv_prog_AWK=gawk
ac_cv_prog_CPP='gcc -E'
ac_cv_prog_CXXCPP='g++ -E'
ac_cv_prog_HAVE_HELP2MAN=no
ac_cv_prog_ac_ct_AR=ar
ac_cv_prog_ac_ct_CC=gcc
ac_cv_prog_ac_ct_CXX=g++
ac_cv_prog_ac_ct_MANIFEST_TOOL=mt
ac_cv_prog_ac_ct_OBJDUMP=objdump
ac_cv_prog_ac_ct_RANLIB=ranlib
ac_cv_prog_ac_ct_STRIP=strip
ac_cv_prog_cc_c89=
ac_cv_prog_cc_g=yes
ac_cv_prog_cxx_g=yes
ac_cv_prog_make_make_set=yes
ac_cv_type__Bool=yes
ac_cv_type_ptrdiff_t=yes
ac_cv_type_size_t=yes
ac_cv_type_uid_t=yes
am_cv_CC_dependencies_compiler_type=gcc3
am_cv_CXX_dependencies_compiler_type=gcc3
am_cv_ar_interface=ar
am_cv_make_support_nested_variables=yes
am_cv_prog_cc_c_o=yes
am_cv_prog_tar_ustar=gnutar
lt_cv_ar_at_file=@
lt_cv_archive_cmds_need_lc=no
lt_cv_deplibs_check_method=pass_all
lt_cv_file_magic_cmd='$MAGIC_CMD'
lt_cv_file_magic_test_file=
lt_cv_ld_reload_flag=-r
lt_cv_nm_interface='BSD nm'
lt_cv_objdir=.libs
lt_cv_path_LD=/usr/bin/ld
lt_cv_path_LDCXX='/usr/bin/ld -m elf_x86_64'
lt_cv_path_NM='/usr/bin/nm -B'
lt_cv_path_mainfest_tool=no
lt_cv_prog_compiler_c_o=yes
lt_cv_prog_compiler_c_o_CXX=yes
lt_cv_prog_compiler_pic='-fPIC -DPIC'
lt_cv_prog_compiler_pic_CXX='-fPIC -DPIC'
lt_cv_prog_compiler_pic_works=yes
lt_cv_prog_compiler_pic_works_CXX=yes
lt_cv_prog_compiler_rtti_exceptions=no
lt_cv_prog_compiler_static_works=yes
lt_cv_prog_compiler_static_works_CXX=yes
lt_cv_prog_gnu_ld=yes
lt_cv_prog_gnu_ldcxx=yes
lt_cv_sharedlib_from_linklib_cmd='printf %s\n'
lt_cv_shlibpath_overrides_runpath=yes
lt_cv_sys_global_symbol_pipe='sed -n -e '\''s/^.*[	 ]\([ABCDGIRSTW][ABCDGIRSTW]*\)[	 ][	 ]*\([_A-Za-z][_A-Za-z0-9]*\)$/\1 \2 \2/p'\'' | sed '\''/ __gnu_lto/d'\'''
lt_cv_sys_global_symbol_to_c_name_address='sed -n -e '\''s/^: \(.*\) .*$/  {"\1", (void *) 0},/p'\'' -e '\''s/^[ABCDGIRSTW][ABCDGIRSTW]* .* \(.*\)$/  {"\1", (void *) \&\1},/p'\'''
lt_cv_sys_global_symbol_to_c_name_address_lib_prefix='sed -n -e '\''s/^: \(.*\) .*$/  {"\1", (void *) 0},/p'\'' -e '\''s/^[ABCDGIRSTW][ABCDGIRSTW]* .* \(lib.*\)$/  {"\1", (void *) \&\1},/p'\'' -e '\''s/^[ABCDGIRSTW][ABCDGIRSTW]* .* \(.*\)$/  {"lib\1", (void *) \&\1},/p'\'''
lt_cv_sys_global_symbol_to_cdecl='sed -n -e '\''s/^T .* \(.*\)$/extern int \1();/p'\'' -e '\''s/^[ABCDGIRSTW][ABCDGIRSTW]* .* \(.*\)$/extern char \1;/p'\'''
lt_cv_sys_global_symbol_to_import=
lt_cv_sys_max_cmd_len=1572864
lt_cv_to_host_file_cmd=func_convert_file_noop
lt_cv_to_tool_file_cmd=func_convert_file_noop
lt_cv_truncate_bin='/bin/dd bs=4096 count=1'

## ----------------- ##
## Output variables. ##
## ----------------- ##

ACLOCAL='${SHELL} /home/abusaadp/gitProjects/Presage-for-Android/presageEngine/missing aclocal-1.16'
AMDEPBACKSLASH='\'
AMDEP_FALSE='#'
AMDEP_TRUE=''
AMTAR='$${TAR-tar}'
AM_BACKSLASH='\'
AM_DEFAULT_V='$(AM_DEFAULT_VERBOSITY)'
AM_DEFAULT_VERBOSITY='1'
AM_V='$(V)'
AR='ar'
AS='as'
AUTOCONF='${SHELL} /home/abusaadp/gitProjects/Presage-for-Android/presageEngine/missing autoconf'
AUTOHEADER='${SHELL} /home/abusaadp/gitProjects/Presage-for-Android/presageEngine/missing autoheader'
AUTOMAKE='${SHELL} /home/abusaadp/gitProjects/Presage-for-Android/presageEngine/missing automake-1.16'
AWK='gawk'
BUILD_TINYXML_FALSE='#'
BUILD_TINYXML_TRUE=''
CC='gcc'
CCDEPMODE='depmode=gcc3'
CFLAGS='-g -O2'
CPP='gcc -E'
CPPFLAGS=''
CXX='g++'
CXXCPP='g++ -E'
CXXDEPMODE='depmode=gcc3'
CXXFLAGS='-g -O2'
CYGPATH_W='echo'
DEFS='-DHAVE_CONFIG_H'
DEPDIR='.deps'
DLLTOOL='false'
DSYMUTIL=''
DUMPBIN=''
ECHO_C=''
ECHO_N='-n'
ECHO_T=''
EGREP='/bin/grep -E'
EXEEXT=''
FGREP='/bin/grep -F'
GREP='/bin/grep'
HAVE_CURSES_FALSE='#'
HAVE_CURSES_TRUE=''
HAVE_HELP2MAN='no'
HAVE_HELP2MAN_FALSE=''
HAVE_HELP2MAN_TRUE='#'
HAVE_LD_WITH_VERSION_SCRIPT_FALSE=''
HAVE_LD_WITH_VERSION_SCRIPT_TRUE='#'
INSTALL_DATA='${INSTALL} -m 644'
INSTALL_PROGRAM='${INSTALL}'
INSTALL_SCRIPT='${INSTALL}'
INSTALL_STRIP_PROGRAM='$(install_sh) -c -s'
LD='/usr/bin/ld -m elf_x86_64'
LDFLAGS=''
LIBOBJS=''
LIBS='-lm -lcurses '
LIBTOOL='$(SHELL) $(top_builddir)/libtool'
LIPO=''
LN_S='ln -s'
LTLIBOBJS=''
LT_SYS_LIBRARY_PATH=''
MAKEINFO='${SHELL} /home/abusaadp/gitProjects/Presage-for-Android/presageEngine/missing makeinfo'
MANIFEST_TOOL=':'
MKDIR_P='/bin/mkdir -p'
NM='/usr/bin/nm -B'
NMEDIT=''
OBJDUMP='objdump'
OBJEXT='o'
OTOOL64=''
OTOOL=''
PACKAGE='presage'
PACKAGE_BUGREPORT='abusaadp@avaz.in'
PACKAGE_NAME='presage'
PACKAGE_STRING='presage 0.9.2~beta'
PACKAGE_TARNAME='presage'
PACKAGE_URL=''
PACKAGE_VERSION='0.9.2~beta'
PATH_SEPARATOR=':'
RANLIB='ranlib'
SED='/bin/sed'
SET_MAKE=''
SHELL='/bin/bash'
STRIP='strip'
USE_SQLITE_FALSE=''
USE_SQLITE_TRUE='#'
VERSION='0.9.2~beta'
ac_ct_AR='ar'
ac_ct_CC='gcc'
ac_ct_CXX='g++'
ac_ct_DUMPBIN=''
am__EXEEXT_FALSE=''
am__EXEEXT_TRUE='#'
am__fastdepCC_FALSE='#'
am__fastdepCC_TRUE=''
am__fastdepCXX_FALSE='#'
am__fastdepCXX_TRUE=''
am__include='include'
am__isrc=''
am__leading_dot='.'
am__nodep='_no'
am__quote=''
am__tar='tar --format=ustar -chf - "$$tardir"'
am__untar='tar -xf -'
bindir='${exec_prefix}/bin'
build='x86_64-pc-linux-gnu'
build_alias=''
build_cpu='x86_64'
build_os='linux-gnu'
build_vendor='pc'
datadir='${datarootdir}'
datarootdir='${prefix}/share'
docdir='${datarootdir}/doc/${PACKAGE_TARNAME}'
dvidir='${docdir}'
exec_prefix='${prefix}'
host='x86_64-pc-linux-gnu'
host_alias=''
host_cpu='x86_64'
host_os='linux-gnu'
host_vendor='pc'
htmldir='${docdir}'
includedir='${prefix}/include'
infodir='${datarootdir}/info'
install_sh='${SHELL} /home/abusaadp/gitProjects/Presage-for-Android/presageEngine/install-sh'
libdir='${exec_prefix}/lib'
libexecdir='${exec_prefix}/libexec'
localedir='${datarootdir}/locale'
localstatedir='${prefix}/var'
mandir='${datarootdir}/man'
mkdir_p='$(MKDIR_P)'
oldincludedir='/usr/include'
pdfdir='${docdir}'
prefix='/usr/local'
program_transform_name='s,x,x,'
psdir='${docdir}'
runstatedir='${localstatedir}/run'
sbindir='${exec_prefix}/sbin'
sharedstatedir='${prefix}/com'
sysconfdir='${prefix}/etc'
target_alias=''

## ----------- ##
## confdefs.h. ##
## ----------- ##

/* confdefs.h */
#define PACKAGE_NAME "presage"
#define PACKAGE_TARNAME "presage"
#define PACKAGE_VERSION "0.9.2~beta"
#define PACKAGE_STRING "presage 0.9.2~beta"
#define PACKAGE_BUGREPORT "abusaadp@avaz.in"
#define PACKAGE_URL ""
#define PACKAGE "presage"
#define VERSION "0.9.2~beta"
#define STDC_HEADERS 1
#define HAVE_SYS_TYPES_H 1
#define HAVE_SYS_STAT_H 1
#define HAVE_STDLIB_H 1
#define HAVE_STRING_H 1
#define HAVE_MEMORY_H 1
#define HAVE_STRINGS_H 1
#define HAVE_INTTYPES_H 1
#define HAVE_STDINT_H 1
#define HAVE_UNISTD_H 1
#define HAVE_DLFCN_H 1
#define LT_OBJDIR ".libs/"
#define HAVE_LIBCURSES 1
#define HAVE_LIBM 1
#define HAVE_STDDEF_H 1
#define HAVE_STDLIB_H 1
#define HAVE_STRING_H 1
#define HAVE_UNISTD_H 1
#define HAVE_CURSES_H 1
#define HAVE__BOOL 1
#define HAVE_PTRDIFF_T 1
#define HAVE_STDLIB_H 1
#define HAVE_MALLOC 1
#define HAVE_STDLIB_H 1
#define HAVE_REALLOC 1
#define HAVE_MEMMOVE 1
#define HAVE_MEMSET 1
#define HAVE_MKDIR 1
#define HAVE_SELECT 1
#define HAVE_STRCHR 1

configure: exit 0

## ---------------------- ##
## Running config.status. ##
## ---------------------- ##

This file was extended by presage config.status 0.9.2~beta, which was
generated by GNU Autoconf 2.69.  Invocation command line was

  CONFIG_FILES    = 
  CONFIG_HEADERS  = 
  CONFIG_LINKS    = 
  CONFIG_COMMANDS = 
  $ ./config.status 

on ml-nuc

config.status:1183: creating Makefile
config.status:1183: creating lib/Makefile
config.status:1183: creating lib/core/Makefile
config.status:1183: creating lib/core/context_tracker/Makefile
config.status:1183: creating lib/core/tokenizer/Makefile
config.status:1183: creating lib/predictors/Makefile
config.status:1183: creating lib/predictors/dbconnector/Makefile
config.status:1183: creating lib/tinyxml/Makefile
config.status:1183: creating tools/Makefile
config.status:1183: creating tools/simulator/Makefile
config.status:1183: creating config.h
config.status:1364: config.h is unchanged
config.status:1412: executing depfiles commands
config.status:1489: cd lib       && sed -e '/# am--include-marker/d' Makefile         | make -f - am--depfiles
make[1]: Entering directory '/home/abusaadp/gitProjects/Presage-for-Android/presageEngine/lib'
make[1]: Nothing to be done for 'am--depfiles'.
make[1]: Leaving directory '/home/abusaadp/gitProjects/Presage-for-Android/presageEngine/lib'
config.status:1494: $? = 0
config.status:1489: cd lib/core       && sed -e '/# am--include-marker/d' Makefile         | make -f - am--depfiles
make[1]: Entering directory '/home/abusaadp/gitProjects/Presage-for-Android/presageEngine/lib/core'
make[1]: Nothing to be done for 'am--depfiles'.
make[1]: Leaving directory '/home/abusaadp/gitProjects/Presage-for-Android/presageEngine/lib/core'
config.status:1494: $? = 0
config.status:1489: cd lib/core/context_tracker       && sed -e '/# am--include-marker/d' Makefile         | make -f - am--depfiles
make[1]: Entering directory '/home/abusaadp/gitProjects/Presage-for-Android/presageEngine/lib/core/context_tracker'
make[1]: Nothing to be done for 'am--depfiles'.
make[1]: Leaving directory '/home/abusaadp/gitProjects/Presage-for-Android/presageEngine/lib/core/context_tracker'
config.status:1494: $? = 0
config.status:1489: cd lib/core/tokenizer       && sed -e '/# am--include-marker/d' Makefile         | make -f - am--depfiles
make[1]: Entering directory '/home/abusaadp/gitProjects/Presage-for-Android/presageEngine/lib/core/tokenizer'
make[1]: Nothing to be done for 'am--depfiles'.
make[1]: Leaving directory '/home/abusaadp/gitProjects/Presage-for-Android/presageEngine/lib/core/tokenizer'
config.status:1494: $? = 0
config.status:1489: cd lib/predictors       && sed -e '/# am--include-marker/d' Makefile         | make -f - am--depfiles
make[1]: Entering directory '/home/abusaadp/gitProjects/Presage-for-Android/presageEngine/lib/predictors'
make[1]: Nothing to be done for 'am--depfiles'.
make[1]: Leaving directory '/home/abusaadp/gitProjects/Presage-for-Android/presageEngine/lib/predictors'
config.status:1494: $? = 0
config.status:1489: cd lib/predictors/dbconnector       && sed -e '/# am--include-marker/d' Makefile         | make -f - am--depfiles
make[1]: Entering directory '/home/abusaadp/gitProjects/Presage-for-Android/presageEngine/lib/predictors/dbconnector'
make[1]: Nothing to be done for 'am--depfiles'.
make[1]: Leaving directory '/home/abusaadp/gitProjects/Presage-for-Android/presageEngine/lib/predictors/dbconnector'
config.status:1494: $? = 0
config.status:1489: cd lib/tinyxml       && sed -e '/# am--include-marker/d' Makefile         | make -f - am--depfiles
make[1]: Entering directory '/home/abusaadp/gitProjects/Presage-for-Android/presageEngine/lib/tinyxml'
make[1]: Nothing to be done for 'am--depfiles'.
make[1]: Leaving directory '/home/abusaadp/gitProjects/Presage-for-Android/presageEngine/lib/tinyxml'
config.status:1494: $? = 0
config.status:1489: cd tools       && sed -e '/# am--include-marker/d' Makefile         | make -f - am--depfiles
make[1]: Entering directory '/home/abusaadp/gitProjects/Presage-for-Android/presageEngine/tools'
make[1]: Nothing to be done for 'am--depfiles'.
make[1]: Leaving directory '/home/abusaadp/gitProjects/Presage-for-Android/presageEngine/tools'
config.status:1494: $? = 0
config.status:1489: cd tools/simulator       && sed -e '/# am--include-marker/d' Makefile         | make -f - am--depfiles
make[1]: Entering directory '/home/abusaadp/gitProjects/Presage-for-Android/presageEngine/tools/simulator'
make[1]: Nothing to be done for 'am--depfiles'.
make[1]: Leaving directory '/home/abusaadp/gitProjects/Presage-for-Android/presageEngine/tools/simulator'
config.status:1494: $? = 0
config.status:1412: executing libtool commands

## ---------------------- ##
## Running config.status. ##
## ---------------------- ##

This file was extended by presage config.status 0.9.2~beta, which was
generated by GNU Autoconf 2.69.  Invocation command line was

  CONFIG_FILES    = 
  CONFIG_HEADERS  = 
  CONFIG_LINKS    = 
  CONFIG_COMMANDS = 
  $ ./config.status config.h

on ml-nuc

config.status:1183: creating config.h
config.status:1364: config.h is unchanged
